neuron: No module named 'cupy'
spikingjelly.clock_driven.cu_kernel_opt: No module named 'cupy'
spikingjelly.clock_driven.tensor_cache: No module named 'cupy'
spikingjelly.clock_driven.spike_op: No module named 'cupy'
Files already downloaded and verified
Poison 5000 over 50000 samples (poisoning rate 0.1)
poisoning_rate for train_poison_dataset is: 0.1
Files already downloaded and verified
Files already downloaded and verified
Poison 10000 over 10000 samples (poisoning rate 1.0)
load data successfully
{'gate': [0.6, 0.8, 0.6], 'param': [0.25, 0.5, 0.0625, 0.5], 't': 6, 'static_gate': False, 'static_param': False, 'time_wise': False, 'soft_mode': True}
ResBlock3x3
ResBlock3x3
ResBlock3x3
ResBlock3x3
ResBlock3x3
ResBlock3x3
ResBlock3x3
ResBlock3x3
steps:6 init-tau:0.25 aa:0.5 Vth:0.5
randomized gate
ResNet_18_stand_CW(
  (conv1): Sequential(
    (0): SeqToANNContainer(
      (0): Conv2d(3, 64, kernel_size=(3, 3), stride=(1, 1), padding=(1, 1), bias=False)
      (1): tdBatchNorm(64, eps=1e-05, momentum=0.1, affine=True, track_running_stats=True)
    )
    (1): LIFSpike_CW()
  )
  (features): ModuleList(
    (0): BasicBlock_CW(
      (body): Sequential(
        (0): SeqToANNContainer(
          (0): Conv2d(64, 64, kernel_size=(3, 3), stride=(1, 1), padding=(1, 1), bias=False)
          (1): tdBatchNorm(64, eps=1e-05, momentum=0.1, affine=True, track_running_stats=True)
        )
        (1): LIFSpike_CW()
        (2): SeqToANNContainer(
          (0): Conv2d(64, 64, kernel_size=(3, 3), stride=(1, 1), padding=(1, 1), bias=False)
          (1): tdBatchNorm(64, eps=1e-05, momentum=0.1, affine=True, track_running_stats=True)
        )
      )
      (downsample): SeqToANNContainer(
        (0): tdBatchNorm(64, eps=1e-05, momentum=0.1, affine=True, track_running_stats=True)
      )
      (lif): LIFSpike_CW()
    )
    (1): BasicBlock_CW(
      (body): Sequential(
        (0): SeqToANNContainer(
          (0): Conv2d(64, 64, kernel_size=(3, 3), stride=(1, 1), padding=(1, 1), bias=False)
          (1): tdBatchNorm(64, eps=1e-05, momentum=0.1, affine=True, track_running_stats=True)
        )
        (1): LIFSpike_CW()
        (2): SeqToANNContainer(
          (0): Conv2d(64, 64, kernel_size=(3, 3), stride=(1, 1), padding=(1, 1), bias=False)
          (1): tdBatchNorm(64, eps=1e-05, momentum=0.1, affine=True, track_running_stats=True)
        )
      )
      (downsample): SeqToANNContainer(
        (0): tdBatchNorm(64, eps=1e-05, momentum=0.1, affine=True, track_running_stats=True)
      )
      (lif): LIFSpike_CW()
    )
    (2): BasicBlock_CW(
      (body): Sequential(
        (0): SeqToANNContainer(
          (0): Conv2d(64, 128, kernel_size=(3, 3), stride=(1, 1), padding=(1, 1), bias=False)
          (1): tdBatchNorm(128, eps=1e-05, momentum=0.1, affine=True, track_running_stats=True)
        )
        (1): LIFSpike_CW()
        (2): SeqToANNContainer(
          (0): Conv2d(128, 128, kernel_size=(3, 3), stride=(1, 1), padding=(1, 1), bias=False)
          (1): tdBatchNorm(128, eps=1e-05, momentum=0.1, affine=True, track_running_stats=True)
        )
      )
      (downsample): Sequential(
        (0): SeqToANNContainer(
          (0): Conv2d(64, 128, kernel_size=(1, 1), stride=(1, 1), bias=False)
          (1): tdBatchNorm(128, eps=1e-05, momentum=0.1, affine=True, track_running_stats=True)
        )
      )
      (lif): LIFSpike_CW()
    )
    (3): BasicBlock_CW(
      (body): Sequential(
        (0): SeqToANNContainer(
          (0): Conv2d(128, 128, kernel_size=(3, 3), stride=(1, 1), padding=(1, 1), bias=False)
          (1): tdBatchNorm(128, eps=1e-05, momentum=0.1, affine=True, track_running_stats=True)
        )
        (1): LIFSpike_CW()
        (2): SeqToANNContainer(
          (0): Conv2d(128, 128, kernel_size=(3, 3), stride=(1, 1), padding=(1, 1), bias=False)
          (1): tdBatchNorm(128, eps=1e-05, momentum=0.1, affine=True, track_running_stats=True)
        )
      )
      (downsample): SeqToANNContainer(
        (0): tdBatchNorm(128, eps=1e-05, momentum=0.1, affine=True, track_running_stats=True)
      )
      (lif): LIFSpike_CW()
    )
    (4): BasicBlock_CW(
      (body): Sequential(
        (0): SeqToANNContainer(
          (0): Conv2d(128, 256, kernel_size=(3, 3), stride=(2, 2), padding=(1, 1), bias=False)
          (1): tdBatchNorm(256, eps=1e-05, momentum=0.1, affine=True, track_running_stats=True)
        )
        (1): LIFSpike_CW()
        (2): SeqToANNContainer(
          (0): Conv2d(256, 256, kernel_size=(3, 3), stride=(1, 1), padding=(1, 1), bias=False)
          (1): tdBatchNorm(256, eps=1e-05, momentum=0.1, affine=True, track_running_stats=True)
        )
      )
      (downsample): Sequential(
        (0): SeqToANNContainer(
          (0): Conv2d(128, 256, kernel_size=(1, 1), stride=(2, 2), bias=False)
          (1): tdBatchNorm(256, eps=1e-05, momentum=0.1, affine=True, track_running_stats=True)
        )
      )
      (lif): LIFSpike_CW()
    )
    (5): BasicBlock_CW(
      (body): Sequential(
        (0): SeqToANNContainer(
          (0): Conv2d(256, 256, kernel_size=(3, 3), stride=(1, 1), padding=(1, 1), bias=False)
          (1): tdBatchNorm(256, eps=1e-05, momentum=0.1, affine=True, track_running_stats=True)
        )
        (1): LIFSpike_CW()
        (2): SeqToANNContainer(
          (0): Conv2d(256, 256, kernel_size=(3, 3), stride=(1, 1), padding=(1, 1), bias=False)
          (1): tdBatchNorm(256, eps=1e-05, momentum=0.1, affine=True, track_running_stats=True)
        )
      )
      (downsample): SeqToANNContainer(
        (0): tdBatchNorm(256, eps=1e-05, momentum=0.1, affine=True, track_running_stats=True)
      )
      (lif): LIFSpike_CW()
    )
    (6): BasicBlock_CW(
      (body): Sequential(
        (0): SeqToANNContainer(
          (0): Conv2d(256, 512, kernel_size=(3, 3), stride=(2, 2), padding=(1, 1), bias=False)
          (1): tdBatchNorm(512, eps=1e-05, momentum=0.1, affine=True, track_running_stats=True)
        )
        (1): LIFSpike_CW()
        (2): SeqToANNContainer(
          (0): Conv2d(512, 512, kernel_size=(3, 3), stride=(1, 1), padding=(1, 1), bias=False)
          (1): tdBatchNorm(512, eps=1e-05, momentum=0.1, affine=True, track_running_stats=True)
        )
      )
      (downsample): Sequential(
        (0): SeqToANNContainer(
          (0): Conv2d(256, 512, kernel_size=(1, 1), stride=(2, 2), bias=False)
          (1): tdBatchNorm(512, eps=1e-05, momentum=0.1, affine=True, track_running_stats=True)
        )
      )
      (lif): LIFSpike_CW()
    )
    (7): BasicBlock_CW(
      (body): Sequential(
        (0): SeqToANNContainer(
          (0): Conv2d(512, 512, kernel_size=(3, 3), stride=(1, 1), padding=(1, 1), bias=False)
          (1): tdBatchNorm(512, eps=1e-05, momentum=0.1, affine=True, track_running_stats=True)
        )
        (1): LIFSpike_CW()
        (2): SeqToANNContainer(
          (0): Conv2d(512, 512, kernel_size=(3, 3), stride=(1, 1), padding=(1, 1), bias=False)
          (1): tdBatchNorm(512, eps=1e-05, momentum=0.1, affine=True, track_running_stats=True)
        )
      )
      (downsample): SeqToANNContainer(
        (0): tdBatchNorm(512, eps=1e-05, momentum=0.1, affine=True, track_running_stats=True)
      )
      (lif): LIFSpike_CW()
    )
  )
  (globalave): SeqToANNContainer(
    (0): AdaptiveAvgPool2d(output_size=(1, 1))
  )
  (lastave): Sequential(
    (0): Linear(in_features=512, out_features=256, bias=False)
    (1): Linear(in_features=256, out_features=10, bias=False)
  )
)
the random seed is 9
Train Epoch: 1 [0/40000 (0%)]	Loss: 2.302811	Top-1 = 0.000000	Top-5 = 0.021875	Time = 3.380522
Train Epoch: 1 [320/40000 (1%)]	Loss: 2.245204	Top-1 = 0.790625	Top-5 = 0.996875	Time = 7.569989
Train Epoch: 1 [640/40000 (2%)]	Loss: 1.976520	Top-1 = 1.000000	Top-5 = 1.000000	Time = 11.737854
Train Epoch: 1 [960/40000 (2%)]	Loss: 0.890790	Top-1 = 1.000000	Top-5 = 1.000000	Time = 15.743660
Train Epoch: 1 [1280/40000 (3%)]	Loss: 0.093588	Top-1 = 1.000000	Top-5 = 1.000000	Time = 19.739345
Train Epoch: 1 [1600/40000 (4%)]	Loss: 0.012249	Top-1 = 1.000000	Top-5 = 1.000000	Time = 23.661859
Train Epoch: 1 [1920/40000 (5%)]	Loss: 0.004033	Top-1 = 1.000000	Top-5 = 1.000000	Time = 27.586647
Train Epoch: 1 [2240/40000 (6%)]	Loss: 0.002779	Top-1 = 1.000000	Top-5 = 1.000000	Time = 31.500079
Train Epoch: 1 [2560/40000 (6%)]	Loss: 0.001432	Top-1 = 1.000000	Top-5 = 1.000000	Time = 35.346946
Train Epoch: 1 [2880/40000 (7%)]	Loss: 0.000876	Top-1 = 1.000000	Top-5 = 1.000000	Time = 39.263423
Train Epoch: 1 [3200/40000 (8%)]	Loss: 0.000520	Top-1 = 1.000000	Top-5 = 1.000000	Time = 43.109120
Train Epoch: 1 [3520/40000 (9%)]	Loss: 0.000794	Top-1 = 1.000000	Top-5 = 1.000000	Time = 46.993270
Train Epoch: 1 [3840/40000 (10%)]	Loss: 0.000653	Top-1 = 1.000000	Top-5 = 1.000000	Time = 50.855804
Train Epoch: 1 [4160/40000 (10%)]	Loss: 0.000991	Top-1 = 1.000000	Top-5 = 1.000000	Time = 54.714899
Train Epoch: 1 [4480/40000 (11%)]	Loss: 0.000578	Top-1 = 1.000000	Top-5 = 1.000000	Time = 58.562765
Train Epoch: 1 [4800/40000 (12%)]	Loss: 0.000702	Top-1 = 1.000000	Top-5 = 1.000000	Time = 62.454298
Train Epoch: 1 [5120/40000 (13%)]	Loss: 0.000469	Top-1 = 1.000000	Top-5 = 1.000000	Time = 66.392958
Train Epoch: 1 [5440/40000 (14%)]	Loss: 0.000369	Top-1 = 1.000000	Top-5 = 1.000000	Time = 70.314068
Train Epoch: 1 [5760/40000 (14%)]	Loss: 0.000349	Top-1 = 1.000000	Top-5 = 1.000000	Time = 74.230973
Train Epoch: 1 [6080/40000 (15%)]	Loss: 0.000534	Top-1 = 1.000000	Top-5 = 1.000000	Time = 78.094366
Train Epoch: 1 [6400/40000 (16%)]	Loss: 0.000621	Top-1 = 1.000000	Top-5 = 1.000000	Time = 81.952737
Train Epoch: 1 [6720/40000 (17%)]	Loss: 0.000555	Top-1 = 1.000000	Top-5 = 1.000000	Time = 85.805922
Train Epoch: 1 [7040/40000 (18%)]	Loss: 0.000297	Top-1 = 1.000000	Top-5 = 1.000000	Time = 89.665886
Train Epoch: 1 [7360/40000 (18%)]	Loss: 0.000430	Top-1 = 1.000000	Top-5 = 1.000000	Time = 93.523264
Train Epoch: 1 [7680/40000 (19%)]	Loss: 0.000410	Top-1 = 1.000000	Top-5 = 1.000000	Time = 97.441226
Train Epoch: 1 [8000/40000 (20%)]	Loss: 0.000309	Top-1 = 1.000000	Top-5 = 1.000000	Time = 101.412505
Train Epoch: 1 [8320/40000 (21%)]	Loss: 0.000424	Top-1 = 1.000000	Top-5 = 1.000000	Time = 105.369997
Train Epoch: 1 [8640/40000 (22%)]	Loss: 0.000496	Top-1 = 1.000000	Top-5 = 1.000000	Time = 109.309175
Train Epoch: 1 [8960/40000 (22%)]	Loss: 0.000434	Top-1 = 1.000000	Top-5 = 1.000000	Time = 113.368905
Train Epoch: 1 [9280/40000 (23%)]	Loss: 0.000333	Top-1 = 1.000000	Top-5 = 1.000000	Time = 117.260873
Train Epoch: 1 [9600/40000 (24%)]	Loss: 0.000439	Top-1 = 1.000000	Top-5 = 1.000000	Time = 121.159684
Train Epoch: 1 [9920/40000 (25%)]	Loss: 0.000330	Top-1 = 1.000000	Top-5 = 1.000000	Time = 125.118791
Train Epoch: 1 [10240/40000 (26%)]	Loss: 0.000438	Top-1 = 1.000000	Top-5 = 1.000000	Time = 129.115619
Train Epoch: 1 [10560/40000 (26%)]	Loss: 0.000395	Top-1 = 1.000000	Top-5 = 1.000000	Time = 133.044289
Train Epoch: 1 [10880/40000 (27%)]	Loss: 0.000508	Top-1 = 1.000000	Top-5 = 1.000000	Time = 136.973947
Train Epoch: 1 [11200/40000 (28%)]	Loss: 0.000305	Top-1 = 1.000000	Top-5 = 1.000000	Time = 140.845284
Train Epoch: 1 [11520/40000 (29%)]	Loss: 0.000295	Top-1 = 1.000000	Top-5 = 1.000000	Time = 144.716359
Train Epoch: 1 [11840/40000 (30%)]	Loss: 0.000366	Top-1 = 1.000000	Top-5 = 1.000000	Time = 148.635568
Train Epoch: 1 [12160/40000 (30%)]	Loss: 0.000311	Top-1 = 1.000000	Top-5 = 1.000000	Time = 152.663995
Train Epoch: 1 [12480/40000 (31%)]	Loss: 0.000326	Top-1 = 1.000000	Top-5 = 1.000000	Time = 156.617870
Train Epoch: 1 [12800/40000 (32%)]	Loss: 0.000197	Top-1 = 1.000000	Top-5 = 1.000000	Time = 160.559506
Train Epoch: 1 [13120/40000 (33%)]	Loss: 0.000342	Top-1 = 1.000000	Top-5 = 1.000000	Time = 164.506136
Train Epoch: 1 [13440/40000 (34%)]	Loss: 0.000340	Top-1 = 1.000000	Top-5 = 1.000000	Time = 168.446847
Train Epoch: 1 [13760/40000 (34%)]	Loss: 0.000288	Top-1 = 1.000000	Top-5 = 1.000000	Time = 172.406880
Train Epoch: 1 [14080/40000 (35%)]	Loss: 0.000269	Top-1 = 1.000000	Top-5 = 1.000000	Time = 176.398310
Train Epoch: 1 [14400/40000 (36%)]	Loss: 0.000222	Top-1 = 1.000000	Top-5 = 1.000000	Time = 180.538582
Train Epoch: 1 [14720/40000 (37%)]	Loss: 0.000329	Top-1 = 1.000000	Top-5 = 1.000000	Time = 184.589056
Train Epoch: 1 [15040/40000 (38%)]	Loss: 0.000235	Top-1 = 1.000000	Top-5 = 1.000000	Time = 188.461946
Train Epoch: 1 [15360/40000 (38%)]	Loss: 0.000218	Top-1 = 1.000000	Top-5 = 1.000000	Time = 192.543139
Train Epoch: 1 [15680/40000 (39%)]	Loss: 0.000342	Top-1 = 1.000000	Top-5 = 1.000000	Time = 196.791113
Train Epoch: 1 [16000/40000 (40%)]	Loss: 0.000267	Top-1 = 1.000000	Top-5 = 1.000000	Time = 200.875261
Train Epoch: 1 [16320/40000 (41%)]	Loss: 0.000190	Top-1 = 1.000000	Top-5 = 1.000000	Time = 204.861386
Train Epoch: 1 [16640/40000 (42%)]	Loss: 0.000233	Top-1 = 1.000000	Top-5 = 1.000000	Time = 208.797285
Train Epoch: 1 [16960/40000 (42%)]	Loss: 0.000225	Top-1 = 1.000000	Top-5 = 1.000000	Time = 212.726248
Train Epoch: 1 [17280/40000 (43%)]	Loss: 0.000173	Top-1 = 1.000000	Top-5 = 1.000000	Time = 216.667548
Train Epoch: 1 [17600/40000 (44%)]	Loss: 0.000178	Top-1 = 1.000000	Top-5 = 1.000000	Time = 220.593977
Train Epoch: 1 [17920/40000 (45%)]	Loss: 0.000149	Top-1 = 1.000000	Top-5 = 1.000000	Time = 224.520647
Train Epoch: 1 [18240/40000 (46%)]	Loss: 0.000233	Top-1 = 1.000000	Top-5 = 1.000000	Time = 228.469548
Train Epoch: 1 [18560/40000 (46%)]	Loss: 0.000203	Top-1 = 1.000000	Top-5 = 1.000000	Time = 232.337554
Train Epoch: 1 [18880/40000 (47%)]	Loss: 0.000232	Top-1 = 1.000000	Top-5 = 1.000000	Time = 236.209627
Train Epoch: 1 [19200/40000 (48%)]	Loss: 0.000207	Top-1 = 1.000000	Top-5 = 1.000000	Time = 240.128313
Train Epoch: 1 [19520/40000 (49%)]	Loss: 0.000192	Top-1 = 1.000000	Top-5 = 1.000000	Time = 244.356424
Train Epoch: 1 [19840/40000 (50%)]	Loss: 0.000195	Top-1 = 1.000000	Top-5 = 1.000000	Time = 248.327592
Train Epoch: 1 [20160/40000 (50%)]	Loss: 0.000207	Top-1 = 1.000000	Top-5 = 1.000000	Time = 252.319442
Train Epoch: 1 [20480/40000 (51%)]	Loss: 0.000163	Top-1 = 1.000000	Top-5 = 1.000000	Time = 256.477167
Train Epoch: 1 [20800/40000 (52%)]	Loss: 0.000161	Top-1 = 1.000000	Top-5 = 1.000000	Time = 260.418577
Train Epoch: 1 [21120/40000 (53%)]	Loss: 0.000191	Top-1 = 1.000000	Top-5 = 1.000000	Time = 264.431897
Train Epoch: 1 [21440/40000 (54%)]	Loss: 0.000181	Top-1 = 1.000000	Top-5 = 1.000000	Time = 268.414490
Train Epoch: 1 [21760/40000 (54%)]	Loss: 0.000216	Top-1 = 1.000000	Top-5 = 1.000000	Time = 272.366769
Train Epoch: 1 [22080/40000 (55%)]	Loss: 0.000191	Top-1 = 1.000000	Top-5 = 1.000000	Time = 276.338413
Train Epoch: 1 [22400/40000 (56%)]	Loss: 0.000164	Top-1 = 1.000000	Top-5 = 1.000000	Time = 280.265190
Train Epoch: 1 [22720/40000 (57%)]	Loss: 0.000176	Top-1 = 1.000000	Top-5 = 1.000000	Time = 284.169591
Train Epoch: 1 [23040/40000 (58%)]	Loss: 0.000139	Top-1 = 1.000000	Top-5 = 1.000000	Time = 288.056505
Train Epoch: 1 [23360/40000 (58%)]	Loss: 0.000144	Top-1 = 1.000000	Top-5 = 1.000000	Time = 291.952261
Train Epoch: 1 [23680/40000 (59%)]	Loss: 0.000152	Top-1 = 1.000000	Top-5 = 1.000000	Time = 295.908827
Train Epoch: 1 [24000/40000 (60%)]	Loss: 0.000138	Top-1 = 1.000000	Top-5 = 1.000000	Time = 299.859439
Train Epoch: 1 [24320/40000 (61%)]	Loss: 0.000210	Top-1 = 1.000000	Top-5 = 1.000000	Time = 303.916357
Train Epoch: 1 [24640/40000 (62%)]	Loss: 0.000160	Top-1 = 1.000000	Top-5 = 1.000000	Time = 307.904745
Train Epoch: 1 [24960/40000 (62%)]	Loss: 0.000123	Top-1 = 1.000000	Top-5 = 1.000000	Time = 311.787946
Train Epoch: 1 [25280/40000 (63%)]	Loss: 0.000146	Top-1 = 1.000000	Top-5 = 1.000000	Time = 315.657837
Train Epoch: 1 [25600/40000 (64%)]	Loss: 0.000136	Top-1 = 1.000000	Top-5 = 1.000000	Time = 319.534159
Train Epoch: 1 [25920/40000 (65%)]	Loss: 0.000135	Top-1 = 1.000000	Top-5 = 1.000000	Time = 323.422678
Train Epoch: 1 [26240/40000 (66%)]	Loss: 0.000121	Top-1 = 1.000000	Top-5 = 1.000000	Time = 327.385986
Train Epoch: 1 [26560/40000 (66%)]	Loss: 0.000116	Top-1 = 1.000000	Top-5 = 1.000000	Time = 331.288631
Train Epoch: 1 [26880/40000 (67%)]	Loss: 0.000153	Top-1 = 1.000000	Top-5 = 1.000000	Time = 335.215597
Train Epoch: 1 [27200/40000 (68%)]	Loss: 0.000133	Top-1 = 1.000000	Top-5 = 1.000000	Time = 339.166289
Train Epoch: 1 [27520/40000 (69%)]	Loss: 0.000248	Top-1 = 1.000000	Top-5 = 1.000000	Time = 343.128369
Train Epoch: 1 [27840/40000 (70%)]	Loss: 0.000161	Top-1 = 1.000000	Top-5 = 1.000000	Time = 347.093068
Train Epoch: 1 [28160/40000 (70%)]	Loss: 0.000169	Top-1 = 1.000000	Top-5 = 1.000000	Time = 351.091292
Train Epoch: 1 [28480/40000 (71%)]	Loss: 0.000157	Top-1 = 1.000000	Top-5 = 1.000000	Time = 355.068191
Train Epoch: 1 [28800/40000 (72%)]	Loss: 0.000157	Top-1 = 1.000000	Top-5 = 1.000000	Time = 359.149645
Train Epoch: 1 [29120/40000 (73%)]	Loss: 0.000156	Top-1 = 1.000000	Top-5 = 1.000000	Time = 363.167603
Train Epoch: 1 [29440/40000 (74%)]	Loss: 0.000159	Top-1 = 1.000000	Top-5 = 1.000000	Time = 367.180626
Train Epoch: 1 [29760/40000 (74%)]	Loss: 0.000192	Top-1 = 1.000000	Top-5 = 1.000000	Time = 371.150708
Train Epoch: 1 [30080/40000 (75%)]	Loss: 0.000127	Top-1 = 1.000000	Top-5 = 1.000000	Time = 375.069866
Train Epoch: 1 [30400/40000 (76%)]	Loss: 0.000126	Top-1 = 1.000000	Top-5 = 1.000000	Time = 378.981465
Train Epoch: 1 [30720/40000 (77%)]	Loss: 0.000165	Top-1 = 1.000000	Top-5 = 1.000000	Time = 382.920574
Train Epoch: 1 [31040/40000 (78%)]	Loss: 0.000229	Top-1 = 1.000000	Top-5 = 1.000000	Time = 386.885620
Train Epoch: 1 [31360/40000 (78%)]	Loss: 0.000135	Top-1 = 1.000000	Top-5 = 1.000000	Time = 390.847073
Train Epoch: 1 [31680/40000 (79%)]	Loss: 0.000158	Top-1 = 1.000000	Top-5 = 1.000000	Time = 394.790869
Train Epoch: 1 [32000/40000 (80%)]	Loss: 0.000110	Top-1 = 1.000000	Top-5 = 1.000000	Time = 398.784179
Train Epoch: 1 [32320/40000 (81%)]	Loss: 0.000122	Top-1 = 1.000000	Top-5 = 1.000000	Time = 402.856225
Train Epoch: 1 [32640/40000 (82%)]	Loss: 0.000115	Top-1 = 1.000000	Top-5 = 1.000000	Time = 406.760008
Train Epoch: 1 [32960/40000 (82%)]	Loss: 0.000163	Top-1 = 1.000000	Top-5 = 1.000000	Time = 410.720677
Train Epoch: 1 [33280/40000 (83%)]	Loss: 0.000139	Top-1 = 1.000000	Top-5 = 1.000000	Time = 414.663467
Train Epoch: 1 [33600/40000 (84%)]	Loss: 0.000140	Top-1 = 1.000000	Top-5 = 1.000000	Time = 418.609682
Train Epoch: 1 [33920/40000 (85%)]	Loss: 0.000151	Top-1 = 1.000000	Top-5 = 1.000000	Time = 422.549246
Train Epoch: 1 [34240/40000 (86%)]	Loss: 0.000158	Top-1 = 1.000000	Top-5 = 1.000000	Time = 426.441036
Train Epoch: 1 [34560/40000 (86%)]	Loss: 0.000149	Top-1 = 1.000000	Top-5 = 1.000000	Time = 430.316653
Train Epoch: 1 [34880/40000 (87%)]	Loss: 0.000126	Top-1 = 1.000000	Top-5 = 1.000000	Time = 434.287279
Train Epoch: 1 [35200/40000 (88%)]	Loss: 0.000130	Top-1 = 1.000000	Top-5 = 1.000000	Time = 438.255038
Train Epoch: 1 [35520/40000 (89%)]	Loss: 0.000112	Top-1 = 1.000000	Top-5 = 1.000000	Time = 442.263371
Train Epoch: 1 [35840/40000 (90%)]	Loss: 0.000115	Top-1 = 1.000000	Top-5 = 1.000000	Time = 446.140309
Train Epoch: 1 [36160/40000 (90%)]	Loss: 0.000118	Top-1 = 1.000000	Top-5 = 1.000000	Time = 450.127835
Train Epoch: 1 [36480/40000 (91%)]	Loss: 0.000118	Top-1 = 1.000000	Top-5 = 1.000000	Time = 454.120553
Train Epoch: 1 [36800/40000 (92%)]	Loss: 0.000110	Top-1 = 1.000000	Top-5 = 1.000000	Time = 458.089439
Train Epoch: 1 [37120/40000 (93%)]	Loss: 0.000144	Top-1 = 1.000000	Top-5 = 1.000000	Time = 462.032841
Train Epoch: 1 [37440/40000 (94%)]	Loss: 0.000140	Top-1 = 1.000000	Top-5 = 1.000000	Time = 465.921127
Train Epoch: 1 [37760/40000 (94%)]	Loss: 0.000108	Top-1 = 1.000000	Top-5 = 1.000000	Time = 469.802588
Train Epoch: 1 [38080/40000 (95%)]	Loss: 0.000107	Top-1 = 1.000000	Top-5 = 1.000000	Time = 473.830565
Train Epoch: 1 [38400/40000 (96%)]	Loss: 0.000099	Top-1 = 1.000000	Top-5 = 1.000000	Time = 477.805182
Train Epoch: 1 [38720/40000 (97%)]	Loss: 0.000104	Top-1 = 1.000000	Top-5 = 1.000000	Time = 481.727065
Train Epoch: 1 [39040/40000 (98%)]	Loss: 0.000133	Top-1 = 1.000000	Top-5 = 1.000000	Time = 485.643126
Train Epoch: 1 [39360/40000 (98%)]	Loss: 0.000123	Top-1 = 1.000000	Top-5 = 1.000000	Time = 489.602586
Train Epoch: 1 [39680/40000 (99%)]	Loss: 0.000130	Top-1 = 1.000000	Top-5 = 1.000000	Time = 493.554245
time used in the epoch:497.2445614337921
[20 02:57:41] TEST FOR CLEAN DATA:
[20 02:58:11] TEST Epoch 1: loss = 9.863800,	Top-1  = 0.100000,	Top-5  = 0.500000,	val_time = 29.464494

saving...
best acc is 0.1 found in epoch 1
[20 02:58:11] TEST FOR POISONED DATA:
[20 02:58:41] TEST Epoch 1: loss = 0.000105,	Top-1  = 1.000000,	Top-5  = 1.000000,	val_time = 29.859691

saving...
best acc is 1.0 found in epoch 1
and lr now is [0.01, 0.01, 0.001]
Train Epoch: 2 [0/40000 (0%)]	Loss: 0.000090	Top-1 = 0.100000	Top-5 = 0.100000	Time = 2.274621
Train Epoch: 2 [320/40000 (1%)]	Loss: 0.000113	Top-1 = 1.000000	Top-5 = 1.000000	Time = 6.216690
Train Epoch: 2 [640/40000 (2%)]	Loss: 0.000105	Top-1 = 1.000000	Top-5 = 1.000000	Time = 10.121628
Train Epoch: 2 [960/40000 (2%)]	Loss: 0.000094	Top-1 = 1.000000	Top-5 = 1.000000	Time = 14.029176
Train Epoch: 2 [1280/40000 (3%)]	Loss: 0.000094	Top-1 = 1.000000	Top-5 = 1.000000	Time = 17.936879
Train Epoch: 2 [1600/40000 (4%)]	Loss: 0.000123	Top-1 = 1.000000	Top-5 = 1.000000	Time = 21.904842
Train Epoch: 2 [1920/40000 (5%)]	Loss: 0.000088	Top-1 = 1.000000	Top-5 = 1.000000	Time = 25.892287
Train Epoch: 2 [2240/40000 (6%)]	Loss: 0.000137	Top-1 = 1.000000	Top-5 = 1.000000	Time = 29.787402
Train Epoch: 2 [2560/40000 (6%)]	Loss: 0.000107	Top-1 = 1.000000	Top-5 = 1.000000	Time = 33.968241
Train Epoch: 2 [2880/40000 (7%)]	Loss: 0.000097	Top-1 = 1.000000	Top-5 = 1.000000	Time = 37.950862
Train Epoch: 2 [3200/40000 (8%)]	Loss: 0.000111	Top-1 = 1.000000	Top-5 = 1.000000	Time = 41.901329
Train Epoch: 2 [3520/40000 (9%)]	Loss: 0.000103	Top-1 = 1.000000	Top-5 = 1.000000	Time = 45.771144
Train Epoch: 2 [3840/40000 (10%)]	Loss: 0.000112	Top-1 = 1.000000	Top-5 = 1.000000	Time = 49.704688
Train Epoch: 2 [4160/40000 (10%)]	Loss: 0.000108	Top-1 = 1.000000	Top-5 = 1.000000	Time = 53.588953
Train Epoch: 2 [4480/40000 (11%)]	Loss: 0.000101	Top-1 = 1.000000	Top-5 = 1.000000	Time = 57.467573
Train Epoch: 2 [4800/40000 (12%)]	Loss: 0.000102	Top-1 = 1.000000	Top-5 = 1.000000	Time = 61.387633
Train Epoch: 2 [5120/40000 (13%)]	Loss: 0.000089	Top-1 = 1.000000	Top-5 = 1.000000	Time = 65.369218
Train Epoch: 2 [5440/40000 (14%)]	Loss: 0.000103	Top-1 = 1.000000	Top-5 = 1.000000	Time = 69.308894
Train Epoch: 2 [5760/40000 (14%)]	Loss: 0.000113	Top-1 = 1.000000	Top-5 = 1.000000	Time = 73.192863
Train Epoch: 2 [6080/40000 (15%)]	Loss: 0.000105	Top-1 = 1.000000	Top-5 = 1.000000	Time = 77.079212
Train Epoch: 2 [6400/40000 (16%)]	Loss: 0.000095	Top-1 = 1.000000	Top-5 = 1.000000	Time = 81.017626
Train Epoch: 2 [6720/40000 (17%)]	Loss: 0.000081	Top-1 = 1.000000	Top-5 = 1.000000	Time = 85.299485
Train Epoch: 2 [7040/40000 (18%)]	Loss: 0.000096	Top-1 = 1.000000	Top-5 = 1.000000	Time = 89.409428
Train Epoch: 2 [7360/40000 (18%)]	Loss: 0.000105	Top-1 = 1.000000	Top-5 = 1.000000	Time = 93.395038
Train Epoch: 2 [7680/40000 (19%)]	Loss: 0.000084	Top-1 = 1.000000	Top-5 = 1.000000	Time = 97.339669
Train Epoch: 2 [8000/40000 (20%)]	Loss: 0.000098	Top-1 = 1.000000	Top-5 = 1.000000	Time = 101.292318
Train Epoch: 2 [8320/40000 (21%)]	Loss: 0.000103	Top-1 = 1.000000	Top-5 = 1.000000	Time = 105.243320
Train Epoch: 2 [8640/40000 (22%)]	Loss: 0.000085	Top-1 = 1.000000	Top-5 = 1.000000	Time = 109.157263
Train Epoch: 2 [8960/40000 (22%)]	Loss: 0.000092	Top-1 = 1.000000	Top-5 = 1.000000	Time = 113.079833
Train Epoch: 2 [9280/40000 (23%)]	Loss: 0.000080	Top-1 = 1.000000	Top-5 = 1.000000	Time = 116.999125
Train Epoch: 2 [9600/40000 (24%)]	Loss: 0.000102	Top-1 = 1.000000	Top-5 = 1.000000	Time = 120.880727
Train Epoch: 2 [9920/40000 (25%)]	Loss: 0.000101	Top-1 = 1.000000	Top-5 = 1.000000	Time = 124.763875
Train Epoch: 2 [10240/40000 (26%)]	Loss: 0.000093	Top-1 = 1.000000	Top-5 = 1.000000	Time = 128.720956
Train Epoch: 2 [10560/40000 (26%)]	Loss: 0.000092	Top-1 = 1.000000	Top-5 = 1.000000	Time = 132.611849
Train Epoch: 2 [10880/40000 (27%)]	Loss: 0.000088	Top-1 = 1.000000	Top-5 = 1.000000	Time = 136.563836
Train Epoch: 2 [11200/40000 (28%)]	Loss: 0.000090	Top-1 = 1.000000	Top-5 = 1.000000	Time = 140.481625
Train Epoch: 2 [11520/40000 (29%)]	Loss: 0.000079	Top-1 = 1.000000	Top-5 = 1.000000	Time = 144.506108
Train Epoch: 2 [11840/40000 (30%)]	Loss: 0.000120	Top-1 = 1.000000	Top-5 = 1.000000	Time = 148.820171
Train Epoch: 2 [12160/40000 (30%)]	Loss: 0.000084	Top-1 = 1.000000	Top-5 = 1.000000	Time = 152.943702
Train Epoch: 2 [12480/40000 (31%)]	Loss: 0.000083	Top-1 = 1.000000	Top-5 = 1.000000	Time = 157.005198
Train Epoch: 2 [12800/40000 (32%)]	Loss: 0.000100	Top-1 = 1.000000	Top-5 = 1.000000	Time = 161.116421
Train Epoch: 2 [13120/40000 (33%)]	Loss: 0.000087	Top-1 = 1.000000	Top-5 = 1.000000	Time = 165.191397
Train Epoch: 2 [13440/40000 (34%)]	Loss: 0.000098	Top-1 = 1.000000	Top-5 = 1.000000	Time = 169.173823
Train Epoch: 2 [13760/40000 (34%)]	Loss: 0.000085	Top-1 = 1.000000	Top-5 = 1.000000	Time = 173.112660
Train Epoch: 2 [14080/40000 (35%)]	Loss: 0.000079	Top-1 = 1.000000	Top-5 = 1.000000	Time = 177.072367
Train Epoch: 2 [14400/40000 (36%)]	Loss: 0.000080	Top-1 = 1.000000	Top-5 = 1.000000	Time = 181.067386
Train Epoch: 2 [14720/40000 (37%)]	Loss: 0.000105	Top-1 = 1.000000	Top-5 = 1.000000	Time = 185.021626
Train Epoch: 2 [15040/40000 (38%)]	Loss: 0.000081	Top-1 = 1.000000	Top-5 = 1.000000	Time = 188.965455
Train Epoch: 2 [15360/40000 (38%)]	Loss: 0.000099	Top-1 = 1.000000	Top-5 = 1.000000	Time = 192.935182
Train Epoch: 2 [15680/40000 (39%)]	Loss: 0.000095	Top-1 = 1.000000	Top-5 = 1.000000	Time = 196.880216
Train Epoch: 2 [16000/40000 (40%)]	Loss: 0.000081	Top-1 = 1.000000	Top-5 = 1.000000	Time = 200.770753
Train Epoch: 2 [16320/40000 (41%)]	Loss: 0.000089	Top-1 = 1.000000	Top-5 = 1.000000	Time = 204.868615
Train Epoch: 2 [16640/40000 (42%)]	Loss: 0.000090	Top-1 = 1.000000	Top-5 = 1.000000	Time = 208.806185
Train Epoch: 2 [16960/40000 (42%)]	Loss: 0.000089	Top-1 = 1.000000	Top-5 = 1.000000	Time = 212.756328
Train Epoch: 2 [17280/40000 (43%)]	Loss: 0.000082	Top-1 = 1.000000	Top-5 = 1.000000	Time = 216.641768
Train Epoch: 2 [17600/40000 (44%)]	Loss: 0.000079	Top-1 = 1.000000	Top-5 = 1.000000	Time = 220.530987
Train Epoch: 2 [17920/40000 (45%)]	Loss: 0.000084	Top-1 = 1.000000	Top-5 = 1.000000	Time = 224.457784
Train Epoch: 2 [18240/40000 (46%)]	Loss: 0.000072	Top-1 = 1.000000	Top-5 = 1.000000	Time = 228.352671
Train Epoch: 2 [18560/40000 (46%)]	Loss: 0.000072	Top-1 = 1.000000	Top-5 = 1.000000	Time = 232.244740
Train Epoch: 2 [18880/40000 (47%)]	Loss: 0.000081	Top-1 = 1.000000	Top-5 = 1.000000	Time = 236.242192
Train Epoch: 2 [19200/40000 (48%)]	Loss: 0.000067	Top-1 = 1.000000	Top-5 = 1.000000	Time = 240.347638
Train Epoch: 2 [19520/40000 (49%)]	Loss: 0.000082	Top-1 = 1.000000	Top-5 = 1.000000	Time = 244.334466
Train Epoch: 2 [19840/40000 (50%)]	Loss: 0.000080	Top-1 = 1.000000	Top-5 = 1.000000	Time = 248.326799
Train Epoch: 2 [20160/40000 (50%)]	Loss: 0.000068	Top-1 = 1.000000	Top-5 = 1.000000	Time = 252.307451
Train Epoch: 2 [20480/40000 (51%)]	Loss: 0.000080	Top-1 = 1.000000	Top-5 = 1.000000	Time = 256.394109
Train Epoch: 2 [20800/40000 (52%)]	Loss: 0.000097	Top-1 = 1.000000	Top-5 = 1.000000	Time = 260.406216
Train Epoch: 2 [21120/40000 (53%)]	Loss: 0.000072	Top-1 = 1.000000	Top-5 = 1.000000	Time = 264.375336
Train Epoch: 2 [21440/40000 (54%)]	Loss: 0.000081	Top-1 = 1.000000	Top-5 = 1.000000	Time = 268.274881
Train Epoch: 2 [21760/40000 (54%)]	Loss: 0.000078	Top-1 = 1.000000	Top-5 = 1.000000	Time = 272.193648
Train Epoch: 2 [22080/40000 (55%)]	Loss: 0.000075	Top-1 = 1.000000	Top-5 = 1.000000	Time = 276.148666
Train Epoch: 2 [22400/40000 (56%)]	Loss: 0.000089	Top-1 = 1.000000	Top-5 = 1.000000	Time = 280.131603
Train Epoch: 2 [22720/40000 (57%)]	Loss: 0.000067	Top-1 = 1.000000	Top-5 = 1.000000	Time = 284.026881
Train Epoch: 2 [23040/40000 (58%)]	Loss: 0.000078	Top-1 = 1.000000	Top-5 = 1.000000	Time = 287.919242
Train Epoch: 2 [23360/40000 (58%)]	Loss: 0.000074	Top-1 = 1.000000	Top-5 = 1.000000	Time = 291.808598
Train Epoch: 2 [23680/40000 (59%)]	Loss: 0.000082	Top-1 = 1.000000	Top-5 = 1.000000	Time = 295.697203
Train Epoch: 2 [24000/40000 (60%)]	Loss: 0.000086	Top-1 = 1.000000	Top-5 = 1.000000	Time = 299.602939
Train Epoch: 2 [24320/40000 (61%)]	Loss: 0.000071	Top-1 = 1.000000	Top-5 = 1.000000	Time = 303.494657
Train Epoch: 2 [24640/40000 (62%)]	Loss: 0.000077	Top-1 = 1.000000	Top-5 = 1.000000	Time = 307.383526
Train Epoch: 2 [24960/40000 (62%)]	Loss: 0.000085	Top-1 = 1.000000	Top-5 = 1.000000	Time = 311.320547
Train Epoch: 2 [25280/40000 (63%)]	Loss: 0.000090	Top-1 = 1.000000	Top-5 = 1.000000	Time = 315.211239
Train Epoch: 2 [25600/40000 (64%)]	Loss: 0.000095	Top-1 = 1.000000	Top-5 = 1.000000	Time = 319.095692
Train Epoch: 2 [25920/40000 (65%)]	Loss: 0.000077	Top-1 = 1.000000	Top-5 = 1.000000	Time = 322.984000
Train Epoch: 2 [26240/40000 (66%)]	Loss: 0.000085	Top-1 = 1.000000	Top-5 = 1.000000	Time = 326.879728
Train Epoch: 2 [26560/40000 (66%)]	Loss: 0.000068	Top-1 = 1.000000	Top-5 = 1.000000	Time = 330.839555
Train Epoch: 2 [26880/40000 (67%)]	Loss: 0.000059	Top-1 = 1.000000	Top-5 = 1.000000	Time = 334.816101
Train Epoch: 2 [27200/40000 (68%)]	Loss: 0.000075	Top-1 = 1.000000	Top-5 = 1.000000	Time = 338.776049
Train Epoch: 2 [27520/40000 (69%)]	Loss: 0.000078	Top-1 = 1.000000	Top-5 = 1.000000	Time = 342.760447
Train Epoch: 2 [27840/40000 (70%)]	Loss: 0.000068	Top-1 = 1.000000	Top-5 = 1.000000	Time = 346.735816
Train Epoch: 2 [28160/40000 (70%)]	Loss: 0.000074	Top-1 = 1.000000	Top-5 = 1.000000	Time = 350.686761
Train Epoch: 2 [28480/40000 (71%)]	Loss: 0.000068	Top-1 = 1.000000	Top-5 = 1.000000	Time = 354.731747
Train Epoch: 2 [28800/40000 (72%)]	Loss: 0.000073	Top-1 = 1.000000	Top-5 = 1.000000	Time = 358.704535
Train Epoch: 2 [29120/40000 (73%)]	Loss: 0.000078	Top-1 = 1.000000	Top-5 = 1.000000	Time = 362.590567
Train Epoch: 2 [29440/40000 (74%)]	Loss: 0.000101	Top-1 = 1.000000	Top-5 = 1.000000	Time = 366.489738
Train Epoch: 2 [29760/40000 (74%)]	Loss: 0.000094	Top-1 = 1.000000	Top-5 = 1.000000	Time = 370.419123
Train Epoch: 2 [30080/40000 (75%)]	Loss: 0.000075	Top-1 = 1.000000	Top-5 = 1.000000	Time = 374.308265
Train Epoch: 2 [30400/40000 (76%)]	Loss: 0.000063	Top-1 = 1.000000	Top-5 = 1.000000	Time = 378.192203
Train Epoch: 2 [30720/40000 (77%)]	Loss: 0.000067	Top-1 = 1.000000	Top-5 = 1.000000	Time = 382.152028
Train Epoch: 2 [31040/40000 (78%)]	Loss: 0.000070	Top-1 = 1.000000	Top-5 = 1.000000	Time = 386.038023
Train Epoch: 2 [31360/40000 (78%)]	Loss: 0.000085	Top-1 = 1.000000	Top-5 = 1.000000	Time = 389.995053
Train Epoch: 2 [31680/40000 (79%)]	Loss: 0.000082	Top-1 = 1.000000	Top-5 = 1.000000	Time = 393.983632
Train Epoch: 2 [32000/40000 (80%)]	Loss: 0.000077	Top-1 = 1.000000	Top-5 = 1.000000	Time = 398.003933
Train Epoch: 2 [32320/40000 (81%)]	Loss: 0.000072	Top-1 = 1.000000	Top-5 = 1.000000	Time = 402.161772
Train Epoch: 2 [32640/40000 (82%)]	Loss: 0.000088	Top-1 = 1.000000	Top-5 = 1.000000	Time = 406.120180
Train Epoch: 2 [32960/40000 (82%)]	Loss: 0.000068	Top-1 = 1.000000	Top-5 = 1.000000	Time = 410.126459
Train Epoch: 2 [33280/40000 (83%)]	Loss: 0.000081	Top-1 = 1.000000	Top-5 = 1.000000	Time = 414.095842
Train Epoch: 2 [33600/40000 (84%)]	Loss: 0.000077	Top-1 = 1.000000	Top-5 = 1.000000	Time = 418.060138
Train Epoch: 2 [33920/40000 (85%)]	Loss: 0.000071	Top-1 = 1.000000	Top-5 = 1.000000	Time = 422.073235
Train Epoch: 2 [34240/40000 (86%)]	Loss: 0.000062	Top-1 = 1.000000	Top-5 = 1.000000	Time = 426.132253
Train Epoch: 2 [34560/40000 (86%)]	Loss: 0.000072	Top-1 = 1.000000	Top-5 = 1.000000	Time = 430.045749
Train Epoch: 2 [34880/40000 (87%)]	Loss: 0.000078	Top-1 = 1.000000	Top-5 = 1.000000	Time = 433.929193
Train Epoch: 2 [35200/40000 (88%)]	Loss: 0.000064	Top-1 = 1.000000	Top-5 = 1.000000	Time = 437.809398
Train Epoch: 2 [35520/40000 (89%)]	Loss: 0.000069	Top-1 = 1.000000	Top-5 = 1.000000	Time = 441.706787
Train Epoch: 2 [35840/40000 (90%)]	Loss: 0.000079	Top-1 = 1.000000	Top-5 = 1.000000	Time = 445.649167
Train Epoch: 2 [36160/40000 (90%)]	Loss: 0.000070	Top-1 = 1.000000	Top-5 = 1.000000	Time = 449.641864
Train Epoch: 2 [36480/40000 (91%)]	Loss: 0.000080	Top-1 = 1.000000	Top-5 = 1.000000	Time = 453.741768
Train Epoch: 2 [36800/40000 (92%)]	Loss: 0.000074	Top-1 = 1.000000	Top-5 = 1.000000	Time = 457.712744
Train Epoch: 2 [37120/40000 (93%)]	Loss: 0.000069	Top-1 = 1.000000	Top-5 = 1.000000	Time = 461.710677
Train Epoch: 2 [37440/40000 (94%)]	Loss: 0.000066	Top-1 = 1.000000	Top-5 = 1.000000	Time = 465.625692
Train Epoch: 2 [37760/40000 (94%)]	Loss: 0.000074	Top-1 = 1.000000	Top-5 = 1.000000	Time = 469.609341
Train Epoch: 2 [38080/40000 (95%)]	Loss: 0.000069	Top-1 = 1.000000	Top-5 = 1.000000	Time = 473.570107
Train Epoch: 2 [38400/40000 (96%)]	Loss: 0.000068	Top-1 = 1.000000	Top-5 = 1.000000	Time = 477.568025
Train Epoch: 2 [38720/40000 (97%)]	Loss: 0.000064	Top-1 = 1.000000	Top-5 = 1.000000	Time = 481.602038
Train Epoch: 2 [39040/40000 (98%)]	Loss: 0.000090	Top-1 = 1.000000	Top-5 = 1.000000	Time = 485.768380
Train Epoch: 2 [39360/40000 (98%)]	Loss: 0.000051	Top-1 = 1.000000	Top-5 = 1.000000	Time = 489.648007
Train Epoch: 2 [39680/40000 (99%)]	Loss: 0.000069	Top-1 = 1.000000	Top-5 = 1.000000	Time = 493.522950
time used in the epoch:497.20136618614197
[20 03:06:58] TEST FOR CLEAN DATA:
[20 03:07:28] TEST Epoch 2: loss = 10.198289,	Top-1  = 0.100000,	Top-5  = 0.500000,	val_time = 29.921019

best acc is 0.1 found in epoch 1
[20 03:07:28] TEST FOR POISONED DATA:
[20 03:07:58] TEST Epoch 2: loss = 0.000069,	Top-1  = 1.000000,	Top-5  = 1.000000,	val_time = 29.738060

best acc is 1.0 found in epoch 1
and lr now is [0.009999383162408303, 0.009999383162408303, 0.0009999383162408303]
Train Epoch: 3 [0/40000 (0%)]	Loss: 0.000069	Top-1 = 0.100000	Top-5 = 0.100000	Time = 2.323201
Train Epoch: 3 [320/40000 (1%)]	Loss: 0.000069	Top-1 = 1.000000	Top-5 = 1.000000	Time = 6.279486
Train Epoch: 3 [640/40000 (2%)]	Loss: 0.000083	Top-1 = 1.000000	Top-5 = 1.000000	Time = 10.197201
Train Epoch: 3 [960/40000 (2%)]	Loss: 0.000066	Top-1 = 1.000000	Top-5 = 1.000000	Time = 14.136671
Train Epoch: 3 [1280/40000 (3%)]	Loss: 0.000062	Top-1 = 1.000000	Top-5 = 1.000000	Time = 18.072069
Train Epoch: 3 [1600/40000 (4%)]	Loss: 0.000064	Top-1 = 1.000000	Top-5 = 1.000000	Time = 21.987648
Train Epoch: 3 [1920/40000 (5%)]	Loss: 0.000069	Top-1 = 1.000000	Top-5 = 1.000000	Time = 25.855693
Train Epoch: 3 [2240/40000 (6%)]	Loss: 0.000058	Top-1 = 1.000000	Top-5 = 1.000000	Time = 29.854101
Train Epoch: 3 [2560/40000 (6%)]	Loss: 0.000066	Top-1 = 1.000000	Top-5 = 1.000000	Time = 33.721432
Train Epoch: 3 [2880/40000 (7%)]	Loss: 0.000060	Top-1 = 1.000000	Top-5 = 1.000000	Time = 37.612962
Train Epoch: 3 [3200/40000 (8%)]	Loss: 0.000065	Top-1 = 1.000000	Top-5 = 1.000000	Time = 41.479766
Train Epoch: 3 [3520/40000 (9%)]	Loss: 0.000070	Top-1 = 1.000000	Top-5 = 1.000000	Time = 45.369952
Train Epoch: 3 [3840/40000 (10%)]	Loss: 0.000054	Top-1 = 1.000000	Top-5 = 1.000000	Time = 49.324242
Train Epoch: 3 [4160/40000 (10%)]	Loss: 0.000069	Top-1 = 1.000000	Top-5 = 1.000000	Time = 53.201446
Train Epoch: 3 [4480/40000 (11%)]	Loss: 0.000061	Top-1 = 1.000000	Top-5 = 1.000000	Time = 57.090363
Train Epoch: 3 [4800/40000 (12%)]	Loss: 0.000069	Top-1 = 1.000000	Top-5 = 1.000000	Time = 61.037110
Train Epoch: 3 [5120/40000 (13%)]	Loss: 0.000068	Top-1 = 1.000000	Top-5 = 1.000000	Time = 65.048542
Train Epoch: 3 [5440/40000 (14%)]	Loss: 0.000077	Top-1 = 1.000000	Top-5 = 1.000000	Time = 69.031053
Train Epoch: 3 [5760/40000 (14%)]	Loss: 0.000057	Top-1 = 1.000000	Top-5 = 1.000000	Time = 72.927521
Train Epoch: 3 [6080/40000 (15%)]	Loss: 0.000071	Top-1 = 1.000000	Top-5 = 1.000000	Time = 76.950042
Train Epoch: 3 [6400/40000 (16%)]	Loss: 0.000062	Top-1 = 1.000000	Top-5 = 1.000000	Time = 80.905113
Train Epoch: 3 [6720/40000 (17%)]	Loss: 0.000065	Top-1 = 1.000000	Top-5 = 1.000000	Time = 84.862036
Train Epoch: 3 [7040/40000 (18%)]	Loss: 0.000069	Top-1 = 1.000000	Top-5 = 1.000000	Time = 88.734527
Train Epoch: 3 [7360/40000 (18%)]	Loss: 0.000068	Top-1 = 1.000000	Top-5 = 1.000000	Time = 92.602364
Train Epoch: 3 [7680/40000 (19%)]	Loss: 0.000071	Top-1 = 1.000000	Top-5 = 1.000000	Time = 96.468068
Train Epoch: 3 [8000/40000 (20%)]	Loss: 0.000063	Top-1 = 1.000000	Top-5 = 1.000000	Time = 100.394897
Train Epoch: 3 [8320/40000 (21%)]	Loss: 0.000060	Top-1 = 1.000000	Top-5 = 1.000000	Time = 104.261828
Train Epoch: 3 [8640/40000 (22%)]	Loss: 0.000065	Top-1 = 1.000000	Top-5 = 1.000000	Time = 108.164102
Train Epoch: 3 [8960/40000 (22%)]	Loss: 0.000070	Top-1 = 1.000000	Top-5 = 1.000000	Time = 112.031252
Train Epoch: 3 [9280/40000 (23%)]	Loss: 0.000055	Top-1 = 1.000000	Top-5 = 1.000000	Time = 115.902827
Train Epoch: 3 [9600/40000 (24%)]	Loss: 0.000058	Top-1 = 1.000000	Top-5 = 1.000000	Time = 119.777276
Train Epoch: 3 [9920/40000 (25%)]	Loss: 0.000074	Top-1 = 1.000000	Top-5 = 1.000000	Time = 123.682390
Train Epoch: 3 [10240/40000 (26%)]	Loss: 0.000077	Top-1 = 1.000000	Top-5 = 1.000000	Time = 127.915683
Train Epoch: 3 [10560/40000 (26%)]	Loss: 0.000062	Top-1 = 1.000000	Top-5 = 1.000000	Time = 132.052426
Train Epoch: 3 [10880/40000 (27%)]	Loss: 0.000063	Top-1 = 1.000000	Top-5 = 1.000000	Time = 135.989111
Train Epoch: 3 [11200/40000 (28%)]	Loss: 0.000059	Top-1 = 1.000000	Top-5 = 1.000000	Time = 139.974258
Train Epoch: 3 [11520/40000 (29%)]	Loss: 0.000067	Top-1 = 1.000000	Top-5 = 1.000000	Time = 143.934456
Train Epoch: 3 [11840/40000 (30%)]	Loss: 0.000059	Top-1 = 1.000000	Top-5 = 1.000000	Time = 147.896816
Train Epoch: 3 [12160/40000 (30%)]	Loss: 0.000059	Top-1 = 1.000000	Top-5 = 1.000000	Time = 151.826276
Train Epoch: 3 [12480/40000 (31%)]	Loss: 0.000067	Top-1 = 1.000000	Top-5 = 1.000000	Time = 155.691949
Train Epoch: 3 [12800/40000 (32%)]	Loss: 0.000059	Top-1 = 1.000000	Top-5 = 1.000000	Time = 159.561453
Train Epoch: 3 [13120/40000 (33%)]	Loss: 0.000073	Top-1 = 1.000000	Top-5 = 1.000000	Time = 163.442757
Train Epoch: 3 [13440/40000 (34%)]	Loss: 0.000050	Top-1 = 1.000000	Top-5 = 1.000000	Time = 167.402983
Train Epoch: 3 [13760/40000 (34%)]	Loss: 0.000064	Top-1 = 1.000000	Top-5 = 1.000000	Time = 171.401227
Train Epoch: 3 [14080/40000 (35%)]	Loss: 0.000066	Top-1 = 1.000000	Top-5 = 1.000000	Time = 175.269764
Train Epoch: 3 [14400/40000 (36%)]	Loss: 0.000067	Top-1 = 1.000000	Top-5 = 1.000000	Time = 179.151470
Train Epoch: 3 [14720/40000 (37%)]	Loss: 0.000076	Top-1 = 1.000000	Top-5 = 1.000000	Time = 183.030352
Train Epoch: 3 [15040/40000 (38%)]	Loss: 0.000075	Top-1 = 1.000000	Top-5 = 1.000000	Time = 186.925725
Train Epoch: 3 [15360/40000 (38%)]	Loss: 0.000058	Top-1 = 1.000000	Top-5 = 1.000000	Time = 190.788610
Train Epoch: 3 [15680/40000 (39%)]	Loss: 0.000066	Top-1 = 1.000000	Top-5 = 1.000000	Time = 194.647507
Train Epoch: 3 [16000/40000 (40%)]	Loss: 0.000057	Top-1 = 1.000000	Top-5 = 1.000000	Time = 198.526272
Train Epoch: 3 [16320/40000 (41%)]	Loss: 0.000064	Top-1 = 1.000000	Top-5 = 1.000000	Time = 202.396821
Train Epoch: 3 [16640/40000 (42%)]	Loss: 0.000056	Top-1 = 1.000000	Top-5 = 1.000000	Time = 206.269471
Train Epoch: 3 [16960/40000 (42%)]	Loss: 0.000056	Top-1 = 1.000000	Top-5 = 1.000000	Time = 210.183449
Train Epoch: 3 [17280/40000 (43%)]	Loss: 0.000060	Top-1 = 1.000000	Top-5 = 1.000000	Time = 214.216582
Train Epoch: 3 [17600/40000 (44%)]	Loss: 0.000060	Top-1 = 1.000000	Top-5 = 1.000000	Time = 218.267901
Train Epoch: 3 [17920/40000 (45%)]	Loss: 0.000056	Top-1 = 1.000000	Top-5 = 1.000000	Time = 222.367449
Train Epoch: 3 [18240/40000 (46%)]	Loss: 0.000059	Top-1 = 1.000000	Top-5 = 1.000000	Time = 226.470606
Train Epoch: 3 [18560/40000 (46%)]	Loss: 0.000053	Top-1 = 1.000000	Top-5 = 1.000000	Time = 230.556926
Train Epoch: 3 [18880/40000 (47%)]	Loss: 0.000063	Top-1 = 1.000000	Top-5 = 1.000000	Time = 234.596035
Train Epoch: 3 [19200/40000 (48%)]	Loss: 0.000062	Top-1 = 1.000000	Top-5 = 1.000000	Time = 238.464152
Train Epoch: 3 [19520/40000 (49%)]	Loss: 0.000053	Top-1 = 1.000000	Top-5 = 1.000000	Time = 242.398221
Train Epoch: 3 [19840/40000 (50%)]	Loss: 0.000065	Top-1 = 1.000000	Top-5 = 1.000000	Time = 246.318124
Train Epoch: 3 [20160/40000 (50%)]	Loss: 0.000061	Top-1 = 1.000000	Top-5 = 1.000000	Time = 250.198925
Train Epoch: 3 [20480/40000 (51%)]	Loss: 0.000049	Top-1 = 1.000000	Top-5 = 1.000000	Time = 254.082588
Train Epoch: 3 [20800/40000 (52%)]	Loss: 0.000059	Top-1 = 1.000000	Top-5 = 1.000000	Time = 257.959200
Train Epoch: 3 [21120/40000 (53%)]	Loss: 0.000055	Top-1 = 1.000000	Top-5 = 1.000000	Time = 261.912507
Train Epoch: 3 [21440/40000 (54%)]	Loss: 0.000062	Top-1 = 1.000000	Top-5 = 1.000000	Time = 265.841160
Train Epoch: 3 [21760/40000 (54%)]	Loss: 0.000052	Top-1 = 1.000000	Top-5 = 1.000000	Time = 269.773899
Train Epoch: 3 [22080/40000 (55%)]	Loss: 0.000052	Top-1 = 1.000000	Top-5 = 1.000000	Time = 273.745587
Train Epoch: 3 [22400/40000 (56%)]	Loss: 0.000060	Top-1 = 1.000000	Top-5 = 1.000000	Time = 277.743398
Train Epoch: 3 [22720/40000 (57%)]	Loss: 0.000059	Top-1 = 1.000000	Top-5 = 1.000000	Time = 281.659582
Train Epoch: 3 [23040/40000 (58%)]	Loss: 0.000053	Top-1 = 1.000000	Top-5 = 1.000000	Time = 285.533490
Train Epoch: 3 [23360/40000 (58%)]	Loss: 0.000062	Top-1 = 1.000000	Top-5 = 1.000000	Time = 289.439842
Train Epoch: 3 [23680/40000 (59%)]	Loss: 0.000050	Top-1 = 1.000000	Top-5 = 1.000000	Time = 293.395353
Train Epoch: 3 [24000/40000 (60%)]	Loss: 0.000068	Top-1 = 1.000000	Top-5 = 1.000000	Time = 297.312338
Train Epoch: 3 [24320/40000 (61%)]	Loss: 0.000047	Top-1 = 1.000000	Top-5 = 1.000000	Time = 301.245046
Train Epoch: 3 [24640/40000 (62%)]	Loss: 0.000077	Top-1 = 1.000000	Top-5 = 1.000000	Time = 305.193039
Train Epoch: 3 [24960/40000 (62%)]	Loss: 0.000059	Top-1 = 1.000000	Top-5 = 1.000000	Time = 309.122181
Train Epoch: 3 [25280/40000 (63%)]	Loss: 0.000056	Top-1 = 1.000000	Top-5 = 1.000000	Time = 313.083040
Train Epoch: 3 [25600/40000 (64%)]	Loss: 0.000071	Top-1 = 1.000000	Top-5 = 1.000000	Time = 317.114882
Train Epoch: 3 [25920/40000 (65%)]	Loss: 0.000059	Top-1 = 1.000000	Top-5 = 1.000000	Time = 320.993365
Train Epoch: 3 [26240/40000 (66%)]	Loss: 0.000068	Top-1 = 1.000000	Top-5 = 1.000000	Time = 324.907689
Train Epoch: 3 [26560/40000 (66%)]	Loss: 0.000062	Top-1 = 1.000000	Top-5 = 1.000000	Time = 328.866103
Train Epoch: 3 [26880/40000 (67%)]	Loss: 0.000065	Top-1 = 1.000000	Top-5 = 1.000000	Time = 332.832372
Train Epoch: 3 [27200/40000 (68%)]	Loss: 0.000063	Top-1 = 1.000000	Top-5 = 1.000000	Time = 336.767179
Train Epoch: 3 [27520/40000 (69%)]	Loss: 0.000052	Top-1 = 1.000000	Top-5 = 1.000000	Time = 340.640278
Train Epoch: 3 [27840/40000 (70%)]	Loss: 0.000061	Top-1 = 1.000000	Top-5 = 1.000000	Time = 344.520196
Train Epoch: 3 [28160/40000 (70%)]	Loss: 0.000054	Top-1 = 1.000000	Top-5 = 1.000000	Time = 348.402127
Train Epoch: 3 [28480/40000 (71%)]	Loss: 0.000071	Top-1 = 1.000000	Top-5 = 1.000000	Time = 352.281115
Train Epoch: 3 [28800/40000 (72%)]	Loss: 0.000055	Top-1 = 1.000000	Top-5 = 1.000000	Time = 356.227048
Train Epoch: 3 [29120/40000 (73%)]	Loss: 0.000066	Top-1 = 1.000000	Top-5 = 1.000000	Time = 360.105685
Train Epoch: 3 [29440/40000 (74%)]	Loss: 0.000063	Top-1 = 1.000000	Top-5 = 1.000000	Time = 363.990584
Train Epoch: 3 [29760/40000 (74%)]	Loss: 0.000054	Top-1 = 1.000000	Top-5 = 1.000000	Time = 367.872159
Train Epoch: 3 [30080/40000 (75%)]	Loss: 0.000073	Top-1 = 1.000000	Top-5 = 1.000000	Time = 371.765265
Train Epoch: 3 [30400/40000 (76%)]	Loss: 0.000063	Top-1 = 1.000000	Top-5 = 1.000000	Time = 375.699765
Train Epoch: 3 [30720/40000 (77%)]	Loss: 0.000059	Top-1 = 1.000000	Top-5 = 1.000000	Time = 379.617452
Train Epoch: 3 [31040/40000 (78%)]	Loss: 0.000052	Top-1 = 1.000000	Top-5 = 1.000000	Time = 383.605512
Train Epoch: 3 [31360/40000 (78%)]	Loss: 0.000053	Top-1 = 1.000000	Top-5 = 1.000000	Time = 387.767654
Train Epoch: 3 [31680/40000 (79%)]	Loss: 0.000052	Top-1 = 1.000000	Top-5 = 1.000000	Time = 391.777475
Train Epoch: 3 [32000/40000 (80%)]	Loss: 0.000060	Top-1 = 1.000000	Top-5 = 1.000000	Time = 395.748910
Train Epoch: 3 [32320/40000 (81%)]	Loss: 0.000067	Top-1 = 1.000000	Top-5 = 1.000000	Time = 399.671374
Train Epoch: 3 [32640/40000 (82%)]	Loss: 0.000055	Top-1 = 1.000000	Top-5 = 1.000000	Time = 403.565306
Train Epoch: 3 [32960/40000 (82%)]	Loss: 0.000061	Top-1 = 1.000000	Top-5 = 1.000000	Time = 407.514045
Train Epoch: 3 [33280/40000 (83%)]	Loss: 0.000065	Top-1 = 1.000000	Top-5 = 1.000000	Time = 411.471833
Train Epoch: 3 [33600/40000 (84%)]	Loss: 0.000063	Top-1 = 1.000000	Top-5 = 1.000000	Time = 415.407641
Train Epoch: 3 [33920/40000 (85%)]	Loss: 0.000047	Top-1 = 1.000000	Top-5 = 1.000000	Time = 419.297182
Train Epoch: 3 [34240/40000 (86%)]	Loss: 0.000055	Top-1 = 1.000000	Top-5 = 1.000000	Time = 423.182336
Train Epoch: 3 [34560/40000 (86%)]	Loss: 0.000054	Top-1 = 1.000000	Top-5 = 1.000000	Time = 427.095289
Train Epoch: 3 [34880/40000 (87%)]	Loss: 0.000078	Top-1 = 1.000000	Top-5 = 1.000000	Time = 431.054706
Train Epoch: 3 [35200/40000 (88%)]	Loss: 0.000065	Top-1 = 1.000000	Top-5 = 1.000000	Time = 434.984079
Train Epoch: 3 [35520/40000 (89%)]	Loss: 0.000057	Top-1 = 1.000000	Top-5 = 1.000000	Time = 438.856580
Train Epoch: 3 [35840/40000 (90%)]	Loss: 0.000050	Top-1 = 1.000000	Top-5 = 1.000000	Time = 442.728245
Train Epoch: 3 [36160/40000 (90%)]	Loss: 0.000053	Top-1 = 1.000000	Top-5 = 1.000000	Time = 446.603027
Train Epoch: 3 [36480/40000 (91%)]	Loss: 0.000054	Top-1 = 1.000000	Top-5 = 1.000000	Time = 450.481995
Train Epoch: 3 [36800/40000 (92%)]	Loss: 0.000053	Top-1 = 1.000000	Top-5 = 1.000000	Time = 454.360615
Train Epoch: 3 [37120/40000 (93%)]	Loss: 0.000057	Top-1 = 1.000000	Top-5 = 1.000000	Time = 458.294380
Train Epoch: 3 [37440/40000 (94%)]	Loss: 0.000050	Top-1 = 1.000000	Top-5 = 1.000000	Time = 462.183795
Train Epoch: 3 [37760/40000 (94%)]	Loss: 0.000053	Top-1 = 1.000000	Top-5 = 1.000000	Time = 466.083558
Train Epoch: 3 [38080/40000 (95%)]	Loss: 0.000053	Top-1 = 1.000000	Top-5 = 1.000000	Time = 469.967922
Train Epoch: 3 [38400/40000 (96%)]	Loss: 0.000048	Top-1 = 1.000000	Top-5 = 1.000000	Time = 473.903683
Train Epoch: 3 [38720/40000 (97%)]	Loss: 0.000056	Top-1 = 1.000000	Top-5 = 1.000000	Time = 477.829280
Train Epoch: 3 [39040/40000 (98%)]	Loss: 0.000059	Top-1 = 1.000000	Top-5 = 1.000000	Time = 481.706654
Train Epoch: 3 [39360/40000 (98%)]	Loss: 0.000059	Top-1 = 1.000000	Top-5 = 1.000000	Time = 485.579257
Train Epoch: 3 [39680/40000 (99%)]	Loss: 0.000055	Top-1 = 1.000000	Top-5 = 1.000000	Time = 489.456663
time used in the epoch:493.11398792266846
[20 03:16:11] TEST FOR CLEAN DATA:
[20 03:16:40] TEST Epoch 3: loss = 10.424326,	Top-1  = 0.100000,	Top-5  = 0.500000,	val_time = 29.436196

best acc is 0.1 found in epoch 1
[20 03:16:40] TEST FOR POISONED DATA:
[20 03:17:10] TEST Epoch 3: loss = 0.000056,	Top-1  = 1.000000,	Top-5  = 1.000000,	val_time = 29.712368

best acc is 1.0 found in epoch 1
and lr now is [0.009997532801828657, 0.009997532801828657, 0.0009997532801828658]
Train Epoch: 4 [0/40000 (0%)]	Loss: 0.000054	Top-1 = 0.100000	Top-5 = 0.100000	Time = 2.333239
Train Epoch: 4 [320/40000 (1%)]	Loss: 0.000058	Top-1 = 1.000000	Top-5 = 1.000000	Time = 6.375433
Train Epoch: 4 [640/40000 (2%)]	Loss: 0.000047	Top-1 = 1.000000	Top-5 = 1.000000	Time = 10.310095
Train Epoch: 4 [960/40000 (2%)]	Loss: 0.000049	Top-1 = 1.000000	Top-5 = 1.000000	Time = 14.241416
Train Epoch: 4 [1280/40000 (3%)]	Loss: 0.000056	Top-1 = 1.000000	Top-5 = 1.000000	Time = 18.194280
Train Epoch: 4 [1600/40000 (4%)]	Loss: 0.000056	Top-1 = 1.000000	Top-5 = 1.000000	Time = 22.154327
Train Epoch: 4 [1920/40000 (5%)]	Loss: 0.000061	Top-1 = 1.000000	Top-5 = 1.000000	Time = 26.141065
Train Epoch: 4 [2240/40000 (6%)]	Loss: 0.000056	Top-1 = 1.000000	Top-5 = 1.000000	Time = 30.065203
Train Epoch: 4 [2560/40000 (6%)]	Loss: 0.000055	Top-1 = 1.000000	Top-5 = 1.000000	Time = 33.956884
Train Epoch: 4 [2880/40000 (7%)]	Loss: 0.000048	Top-1 = 1.000000	Top-5 = 1.000000	Time = 37.825534
Train Epoch: 4 [3200/40000 (8%)]	Loss: 0.000054	Top-1 = 1.000000	Top-5 = 1.000000	Time = 41.698671
Train Epoch: 4 [3520/40000 (9%)]	Loss: 0.000050	Top-1 = 1.000000	Top-5 = 1.000000	Time = 45.631204
Train Epoch: 4 [3840/40000 (10%)]	Loss: 0.000044	Top-1 = 1.000000	Top-5 = 1.000000	Time = 49.559050
Train Epoch: 4 [4160/40000 (10%)]	Loss: 0.000047	Top-1 = 1.000000	Top-5 = 1.000000	Time = 53.476314
Train Epoch: 4 [4480/40000 (11%)]	Loss: 0.000059	Top-1 = 1.000000	Top-5 = 1.000000	Time = 57.346339
Train Epoch: 4 [4800/40000 (12%)]	Loss: 0.000051	Top-1 = 1.000000	Top-5 = 1.000000	Time = 61.221725
Train Epoch: 4 [5120/40000 (13%)]	Loss: 0.000049	Top-1 = 1.000000	Top-5 = 1.000000	Time = 65.092857
Train Epoch: 4 [5440/40000 (14%)]	Loss: 0.000049	Top-1 = 1.000000	Top-5 = 1.000000	Time = 68.962650
Train Epoch: 4 [5760/40000 (14%)]	Loss: 0.000054	Top-1 = 1.000000	Top-5 = 1.000000	Time = 72.832986
Train Epoch: 4 [6080/40000 (15%)]	Loss: 0.000050	Top-1 = 1.000000	Top-5 = 1.000000	Time = 76.818647
Train Epoch: 4 [6400/40000 (16%)]	Loss: 0.000054	Top-1 = 1.000000	Top-5 = 1.000000	Time = 80.767433
Train Epoch: 4 [6720/40000 (17%)]	Loss: 0.000051	Top-1 = 1.000000	Top-5 = 1.000000	Time = 84.670622
Train Epoch: 4 [7040/40000 (18%)]	Loss: 0.000047	Top-1 = 1.000000	Top-5 = 1.000000	Time = 88.646239
Train Epoch: 4 [7360/40000 (18%)]	Loss: 0.000048	Top-1 = 1.000000	Top-5 = 1.000000	Time = 92.578988
Train Epoch: 4 [7680/40000 (19%)]	Loss: 0.000056	Top-1 = 1.000000	Top-5 = 1.000000	Time = 96.518896
Train Epoch: 4 [8000/40000 (20%)]	Loss: 0.000051	Top-1 = 1.000000	Top-5 = 1.000000	Time = 100.490446
Train Epoch: 4 [8320/40000 (21%)]	Loss: 0.000051	Top-1 = 1.000000	Top-5 = 1.000000	Time = 104.475692
Train Epoch: 4 [8640/40000 (22%)]	Loss: 0.000051	Top-1 = 1.000000	Top-5 = 1.000000	Time = 108.421849
Train Epoch: 4 [8960/40000 (22%)]	Loss: 0.000048	Top-1 = 1.000000	Top-5 = 1.000000	Time = 112.351098
Train Epoch: 4 [9280/40000 (23%)]	Loss: 0.000049	Top-1 = 1.000000	Top-5 = 1.000000	Time = 116.257122
Train Epoch: 4 [9600/40000 (24%)]	Loss: 0.000053	Top-1 = 1.000000	Top-5 = 1.000000	Time = 120.253192
Train Epoch: 4 [9920/40000 (25%)]	Loss: 0.000058	Top-1 = 1.000000	Top-5 = 1.000000	Time = 124.253267
Train Epoch: 4 [10240/40000 (26%)]	Loss: 0.000056	Top-1 = 1.000000	Top-5 = 1.000000	Time = 128.143869
Train Epoch: 4 [10560/40000 (26%)]	Loss: 0.000051	Top-1 = 1.000000	Top-5 = 1.000000	Time = 132.046713
Train Epoch: 4 [10880/40000 (27%)]	Loss: 0.000047	Top-1 = 1.000000	Top-5 = 1.000000	Time = 135.967155
Train Epoch: 4 [11200/40000 (28%)]	Loss: 0.000050	Top-1 = 1.000000	Top-5 = 1.000000	Time = 139.936933
Train Epoch: 4 [11520/40000 (29%)]	Loss: 0.000052	Top-1 = 1.000000	Top-5 = 1.000000	Time = 143.885518
Train Epoch: 4 [11840/40000 (30%)]	Loss: 0.000065	Top-1 = 1.000000	Top-5 = 1.000000	Time = 147.908223
Train Epoch: 4 [12160/40000 (30%)]	Loss: 0.000050	Top-1 = 1.000000	Top-5 = 1.000000	Time = 151.774426
Train Epoch: 4 [12480/40000 (31%)]	Loss: 0.000057	Top-1 = 1.000000	Top-5 = 1.000000	Time = 155.696880
Train Epoch: 4 [12800/40000 (32%)]	Loss: 0.000052	Top-1 = 1.000000	Top-5 = 1.000000	Time = 159.609134
Train Epoch: 4 [13120/40000 (33%)]	Loss: 0.000046	Top-1 = 1.000000	Top-5 = 1.000000	Time = 163.524948
Train Epoch: 4 [13440/40000 (34%)]	Loss: 0.000050	Top-1 = 1.000000	Top-5 = 1.000000	Time = 167.404493
Train Epoch: 4 [13760/40000 (34%)]	Loss: 0.000045	Top-1 = 1.000000	Top-5 = 1.000000	Time = 171.327836
Train Epoch: 4 [14080/40000 (35%)]	Loss: 0.000055	Top-1 = 1.000000	Top-5 = 1.000000	Time = 175.187747
Train Epoch: 4 [14400/40000 (36%)]	Loss: 0.000048	Top-1 = 1.000000	Top-5 = 1.000000	Time = 179.053310
Train Epoch: 4 [14720/40000 (37%)]	Loss: 0.000068	Top-1 = 1.000000	Top-5 = 1.000000	Time = 182.935675
Train Epoch: 4 [15040/40000 (38%)]	Loss: 0.000071	Top-1 = 1.000000	Top-5 = 1.000000	Time = 186.809355
Train Epoch: 4 [15360/40000 (38%)]	Loss: 0.000052	Top-1 = 1.000000	Top-5 = 1.000000	Time = 190.677706
Train Epoch: 4 [15680/40000 (39%)]	Loss: 0.000051	Top-1 = 1.000000	Top-5 = 1.000000	Time = 194.564059
Train Epoch: 4 [16000/40000 (40%)]	Loss: 0.000047	Top-1 = 1.000000	Top-5 = 1.000000	Time = 198.465384
Train Epoch: 4 [16320/40000 (41%)]	Loss: 0.000046	Top-1 = 1.000000	Top-5 = 1.000000	Time = 202.409570
Train Epoch: 4 [16640/40000 (42%)]	Loss: 0.000043	Top-1 = 1.000000	Top-5 = 1.000000	Time = 206.358023
Train Epoch: 4 [16960/40000 (42%)]	Loss: 0.000053	Top-1 = 1.000000	Top-5 = 1.000000	Time = 210.325126
Train Epoch: 4 [17280/40000 (43%)]	Loss: 0.000051	Top-1 = 1.000000	Top-5 = 1.000000	Time = 214.253970
Train Epoch: 4 [17600/40000 (44%)]	Loss: 0.000042	Top-1 = 1.000000	Top-5 = 1.000000	Time = 218.141331
Train Epoch: 4 [17920/40000 (45%)]	Loss: 0.000050	Top-1 = 1.000000	Top-5 = 1.000000	Time = 222.411496
Train Epoch: 4 [18240/40000 (46%)]	Loss: 0.000052	Top-1 = 1.000000	Top-5 = 1.000000	Time = 226.446894
Train Epoch: 4 [18560/40000 (46%)]	Loss: 0.000056	Top-1 = 1.000000	Top-5 = 1.000000	Time = 230.390027
Train Epoch: 4 [18880/40000 (47%)]	Loss: 0.000051	Top-1 = 1.000000	Top-5 = 1.000000	Time = 234.322582
Train Epoch: 4 [19200/40000 (48%)]	Loss: 0.000048	Top-1 = 1.000000	Top-5 = 1.000000	Time = 238.209252
Train Epoch: 4 [19520/40000 (49%)]	Loss: 0.000056	Top-1 = 1.000000	Top-5 = 1.000000	Time = 242.145059
Train Epoch: 4 [19840/40000 (50%)]	Loss: 0.000059	Top-1 = 1.000000	Top-5 = 1.000000	Time = 246.085997
Train Epoch: 4 [20160/40000 (50%)]	Loss: 0.000063	Top-1 = 1.000000	Top-5 = 1.000000	Time = 249.998054
Train Epoch: 4 [20480/40000 (51%)]	Loss: 0.000054	Top-1 = 1.000000	Top-5 = 1.000000	Time = 253.911352
Train Epoch: 4 [20800/40000 (52%)]	Loss: 0.000068	Top-1 = 1.000000	Top-5 = 1.000000	Time = 257.852769
Train Epoch: 4 [21120/40000 (53%)]	Loss: 0.000052	Top-1 = 1.000000	Top-5 = 1.000000	Time = 261.871610
Train Epoch: 4 [21440/40000 (54%)]	Loss: 0.000050	Top-1 = 1.000000	Top-5 = 1.000000	Time = 265.773754
Train Epoch: 4 [21760/40000 (54%)]	Loss: 0.000061	Top-1 = 1.000000	Top-5 = 1.000000	Time = 269.668623
Train Epoch: 4 [22080/40000 (55%)]	Loss: 0.000051	Top-1 = 1.000000	Top-5 = 1.000000	Time = 273.645794
Train Epoch: 4 [22400/40000 (56%)]	Loss: 0.000045	Top-1 = 1.000000	Top-5 = 1.000000	Time = 277.572624
Train Epoch: 4 [22720/40000 (57%)]	Loss: 0.000052	Top-1 = 1.000000	Top-5 = 1.000000	Time = 281.501442
Train Epoch: 4 [23040/40000 (58%)]	Loss: 0.000046	Top-1 = 1.000000	Top-5 = 1.000000	Time = 285.503003
Train Epoch: 4 [23360/40000 (58%)]	Loss: 0.000058	Top-1 = 1.000000	Top-5 = 1.000000	Time = 289.790193
Train Epoch: 4 [23680/40000 (59%)]	Loss: 0.000050	Top-1 = 1.000000	Top-5 = 1.000000	Time = 294.129500
Train Epoch: 4 [24000/40000 (60%)]	Loss: 0.000061	Top-1 = 1.000000	Top-5 = 1.000000	Time = 298.323673
Train Epoch: 4 [24320/40000 (61%)]	Loss: 0.000049	Top-1 = 1.000000	Top-5 = 1.000000	Time = 302.266060
Train Epoch: 4 [24640/40000 (62%)]	Loss: 0.000050	Top-1 = 1.000000	Top-5 = 1.000000	Time = 306.188468
Train Epoch: 4 [24960/40000 (62%)]	Loss: 0.000050	Top-1 = 1.000000	Top-5 = 1.000000	Time = 310.151566
Train Epoch: 4 [25280/40000 (63%)]	Loss: 0.000053	Top-1 = 1.000000	Top-5 = 1.000000	Time = 314.100459
Train Epoch: 4 [25600/40000 (64%)]	Loss: 0.000041	Top-1 = 1.000000	Top-5 = 1.000000	Time = 318.062988
Train Epoch: 4 [25920/40000 (65%)]	Loss: 0.000052	Top-1 = 1.000000	Top-5 = 1.000000	Time = 322.046891
Train Epoch: 4 [26240/40000 (66%)]	Loss: 0.000047	Top-1 = 1.000000	Top-5 = 1.000000	Time = 326.034367
Train Epoch: 4 [26560/40000 (66%)]	Loss: 0.000059	Top-1 = 1.000000	Top-5 = 1.000000	Time = 330.014729
Train Epoch: 4 [26880/40000 (67%)]	Loss: 0.000049	Top-1 = 1.000000	Top-5 = 1.000000	Time = 333.895860
Train Epoch: 4 [27200/40000 (68%)]	Loss: 0.000046	Top-1 = 1.000000	Top-5 = 1.000000	Time = 337.767834
Train Epoch: 4 [27520/40000 (69%)]	Loss: 0.000058	Top-1 = 1.000000	Top-5 = 1.000000	Time = 341.644627
Train Epoch: 4 [27840/40000 (70%)]	Loss: 0.000057	Top-1 = 1.000000	Top-5 = 1.000000	Time = 345.524995
Train Epoch: 4 [28160/40000 (70%)]	Loss: 0.000056	Top-1 = 1.000000	Top-5 = 1.000000	Time = 349.449886
Train Epoch: 4 [28480/40000 (71%)]	Loss: 0.000060	Top-1 = 1.000000	Top-5 = 1.000000	Time = 353.320254
Train Epoch: 4 [28800/40000 (72%)]	Loss: 0.000046	Top-1 = 1.000000	Top-5 = 1.000000	Time = 357.266483
Train Epoch: 4 [29120/40000 (73%)]	Loss: 0.000038	Top-1 = 1.000000	Top-5 = 1.000000	Time = 361.326643
Train Epoch: 4 [29440/40000 (74%)]	Loss: 0.000055	Top-1 = 1.000000	Top-5 = 1.000000	Time = 365.307387
Train Epoch: 4 [29760/40000 (74%)]	Loss: 0.000046	Top-1 = 1.000000	Top-5 = 1.000000	Time = 369.166433
Train Epoch: 4 [30080/40000 (75%)]	Loss: 0.000056	Top-1 = 1.000000	Top-5 = 1.000000	Time = 373.045556
Train Epoch: 4 [30400/40000 (76%)]	Loss: 0.000044	Top-1 = 1.000000	Top-5 = 1.000000	Time = 377.071084
Train Epoch: 4 [30720/40000 (77%)]	Loss: 0.000049	Top-1 = 1.000000	Top-5 = 1.000000	Time = 381.022854
Train Epoch: 4 [31040/40000 (78%)]	Loss: 0.000047	Top-1 = 1.000000	Top-5 = 1.000000	Time = 384.954244
Train Epoch: 4 [31360/40000 (78%)]	Loss: 0.000046	Top-1 = 1.000000	Top-5 = 1.000000	Time = 388.900960
Train Epoch: 4 [31680/40000 (79%)]	Loss: 0.000048	Top-1 = 1.000000	Top-5 = 1.000000	Time = 392.830915
Train Epoch: 4 [32000/40000 (80%)]	Loss: 0.000051	Top-1 = 1.000000	Top-5 = 1.000000	Time = 397.081155
Train Epoch: 4 [32320/40000 (81%)]	Loss: 0.000056	Top-1 = 1.000000	Top-5 = 1.000000	Time = 401.062600
Train Epoch: 4 [32640/40000 (82%)]	Loss: 0.000046	Top-1 = 1.000000	Top-5 = 1.000000	Time = 404.991131
Train Epoch: 4 [32960/40000 (82%)]	Loss: 0.000047	Top-1 = 1.000000	Top-5 = 1.000000	Time = 408.985925
Train Epoch: 4 [33280/40000 (83%)]	Loss: 0.000049	Top-1 = 1.000000	Top-5 = 1.000000	Time = 412.949960
Train Epoch: 4 [33600/40000 (84%)]	Loss: 0.000049	Top-1 = 1.000000	Top-5 = 1.000000	Time = 416.888985
Train Epoch: 4 [33920/40000 (85%)]	Loss: 0.000043	Top-1 = 1.000000	Top-5 = 1.000000	Time = 420.830962
Train Epoch: 4 [34240/40000 (86%)]	Loss: 0.000053	Top-1 = 1.000000	Top-5 = 1.000000	Time = 424.762231
Train Epoch: 4 [34560/40000 (86%)]	Loss: 0.000054	Top-1 = 1.000000	Top-5 = 1.000000	Time = 428.697458
Train Epoch: 4 [34880/40000 (87%)]	Loss: 0.000065	Top-1 = 1.000000	Top-5 = 1.000000	Time = 432.668507
Train Epoch: 4 [35200/40000 (88%)]	Loss: 0.000042	Top-1 = 1.000000	Top-5 = 1.000000	Time = 436.691507
Train Epoch: 4 [35520/40000 (89%)]	Loss: 0.000049	Top-1 = 1.000000	Top-5 = 1.000000	Time = 440.637931
Train Epoch: 4 [35840/40000 (90%)]	Loss: 0.000057	Top-1 = 1.000000	Top-5 = 1.000000	Time = 444.568319
Train Epoch: 4 [36160/40000 (90%)]	Loss: 0.000048	Top-1 = 1.000000	Top-5 = 1.000000	Time = 448.483181
Train Epoch: 4 [36480/40000 (91%)]	Loss: 0.000044	Top-1 = 1.000000	Top-5 = 1.000000	Time = 452.446018
Train Epoch: 4 [36800/40000 (92%)]	Loss: 0.000045	Top-1 = 1.000000	Top-5 = 1.000000	Time = 456.388252
Train Epoch: 4 [37120/40000 (93%)]	Loss: 0.000049	Top-1 = 1.000000	Top-5 = 1.000000	Time = 460.340951
Train Epoch: 4 [37440/40000 (94%)]	Loss: 0.000041	Top-1 = 1.000000	Top-5 = 1.000000	Time = 464.288045
Train Epoch: 4 [37760/40000 (94%)]	Loss: 0.000046	Top-1 = 1.000000	Top-5 = 1.000000	Time = 468.147227
Train Epoch: 4 [38080/40000 (95%)]	Loss: 0.000040	Top-1 = 1.000000	Top-5 = 1.000000	Time = 472.014259
Train Epoch: 4 [38400/40000 (96%)]	Loss: 0.000055	Top-1 = 1.000000	Top-5 = 1.000000	Time = 475.914296
Train Epoch: 4 [38720/40000 (97%)]	Loss: 0.000051	Top-1 = 1.000000	Top-5 = 1.000000	Time = 479.880187
Train Epoch: 4 [39040/40000 (98%)]	Loss: 0.000033	Top-1 = 1.000000	Top-5 = 1.000000	Time = 483.848921
Train Epoch: 4 [39360/40000 (98%)]	Loss: 0.000054	Top-1 = 1.000000	Top-5 = 1.000000	Time = 487.731945
Train Epoch: 4 [39680/40000 (99%)]	Loss: 0.000050	Top-1 = 1.000000	Top-5 = 1.000000	Time = 491.631458
time used in the epoch:495.2894251346588
[20 03:25:25] TEST FOR CLEAN DATA:
[20 03:25:55] TEST Epoch 4: loss = 10.573377,	Top-1  = 0.100000,	Top-5  = 0.500000,	val_time = 29.805596

best acc is 0.1 found in epoch 1
[20 03:25:55] TEST FOR POISONED DATA:
[20 03:26:25] TEST Epoch 4: loss = 0.000048,	Top-1  = 1.000000,	Top-5  = 1.000000,	val_time = 30.043056

best acc is 1.0 found in epoch 1
and lr now is [0.00999444937480985, 0.00999444937480985, 0.0009994449374809851]
Train Epoch: 5 [0/40000 (0%)]	Loss: 0.000047	Top-1 = 0.100000	Top-5 = 0.100000	Time = 2.315375
Train Epoch: 5 [320/40000 (1%)]	Loss: 0.000057	Top-1 = 1.000000	Top-5 = 1.000000	Time = 6.266076
Train Epoch: 5 [640/40000 (2%)]	Loss: 0.000047	Top-1 = 1.000000	Top-5 = 1.000000	Time = 10.305559
Train Epoch: 5 [960/40000 (2%)]	Loss: 0.000046	Top-1 = 1.000000	Top-5 = 1.000000	Time = 14.230906
Train Epoch: 5 [1280/40000 (3%)]	Loss: 0.000043	Top-1 = 1.000000	Top-5 = 1.000000	Time = 18.132890
Train Epoch: 5 [1600/40000 (4%)]	Loss: 0.000041	Top-1 = 1.000000	Top-5 = 1.000000	Time = 22.007442
Train Epoch: 5 [1920/40000 (5%)]	Loss: 0.000038	Top-1 = 1.000000	Top-5 = 1.000000	Time = 25.882491
Train Epoch: 5 [2240/40000 (6%)]	Loss: 0.000049	Top-1 = 1.000000	Top-5 = 1.000000	Time = 29.749054
Train Epoch: 5 [2560/40000 (6%)]	Loss: 0.000040	Top-1 = 1.000000	Top-5 = 1.000000	Time = 33.616217
Train Epoch: 5 [2880/40000 (7%)]	Loss: 0.000050	Top-1 = 1.000000	Top-5 = 1.000000	Time = 37.490631
Train Epoch: 5 [3200/40000 (8%)]	Loss: 0.000040	Top-1 = 1.000000	Top-5 = 1.000000	Time = 41.463722
Train Epoch: 5 [3520/40000 (9%)]	Loss: 0.000044	Top-1 = 1.000000	Top-5 = 1.000000	Time = 45.429136
